<?xml version="1.0" encoding="UTF-8"?>
<testsuite xmlns:xsi="http://www.w3.org/2001/XMLSchema-instance" xsi:noNamespaceSchemaLocation="https://maven.apache.org/surefire/maven-surefire-plugin/xsd/surefire-test-report.xsd" name="TestSuite" time="49.043" tests="28" errors="0" skipped="19" failures="9">
  <properties>
[...]
</properties>
  <testcase name="setup" classname="UiRegressionTests.HybridTests.patientTests" time="0.877">
    <failure message="org.openqa.selenium.chrome.ChromeDriverService$Builder.getLogOutput(Ljava/lang/String;)Ljava/io/OutputStream;" type="java.lang.NoSuchMethodError">java.lang.NoSuchMethodError: org.openqa.selenium.chrome.ChromeDriverService$Builder.getLogOutput(Ljava/lang/String;)Ljava/io/OutputStream;
</failure>
    <system-err><![CDATA[Unexpected problem occured during version sanity check
Reported exception:
java.lang.AbstractMethodError: Receiver class org.slf4j.simple.SimpleServiceProvider does not define or inherit an implementation of the resolved method abstract getRequestedApiVersion()Ljava/lang/String; of interface org.slf4j.spi.SLF4JServiceProvider.
	at org.slf4j.LoggerFactory.versionSanityCheck(LoggerFactory.java:329)
	at org.slf4j.LoggerFactory.performInitialization(LoggerFactory.java:172)
	at org.slf4j.LoggerFactory.getProvider(LoggerFactory.java:453)
	at org.slf4j.LoggerFactory.getILoggerFactory(LoggerFactory.java:439)
	at org.slf4j.LoggerFactory.getLogger(LoggerFactory.java:388)
	at org.slf4j.LoggerFactory.getLogger(LoggerFactory.java:414)
	at org.testng.log4testng.Logger.lambda$getLogger$0(Logger.java:30)
	at java.base/java.util.concurrent.ConcurrentHashMap.computeIfAbsent(ConcurrentHashMap.java:1705)
	at org.testng.log4testng.Logger.getLogger(Logger.java:30)
	at org.testng.TestNG.<clinit>(TestNG.java:110)
	at org.apache.maven.surefire.testng.TestNGExecutor.run(TestNGExecutor.java:86)
	at org.apache.maven.surefire.testng.TestNGDirectoryTestSuite.executeMulti(TestNGDirectoryTestSuite.java:193)
	at org.apache.maven.surefire.testng.TestNGDirectoryTestSuite.execute(TestNGDirectoryTestSuite.java:94)
	at org.apache.maven.surefire.testng.TestNGProvider.invoke(TestNGProvider.java:146)
	at org.apache.maven.surefire.booter.ForkedBooter.invokeProviderInSameClassLoader(ForkedBooter.java:384)
	at org.apache.maven.surefire.booter.ForkedBooter.runSuitesInProcess(ForkedBooter.java:345)
	at org.apache.maven.surefire.booter.ForkedBooter.execute(ForkedBooter.java:126)
	at org.apache.maven.surefire.booter.ForkedBooter.main(ForkedBooter.java:418)
[main] INFO io.github.bonigarcia.wdm.WebDriverManager - Using chromedriver 116.0.5845.96 (resolved driver for Chrome 116)
[main] INFO io.github.bonigarcia.wdm.WebDriverManager - Exporting webdriver.chrome.driver as C:\Users\AmanyFadool\.cache\selenium\chromedriver\win64\116.0.5845.96\chromedriver.exe
]]></system-err>
  </testcase>
  <testcase name="setup" classname="UiRegressionTests.HybridTests.patientTests" time="0">
    <skipped/>
  </testcase>
  <testcase name="shouldVerifyThatThePatientCanSeeDoctorMessages" classname="UiRegressionTests.HybridTests.patientTests" time="0">
    <skipped message="org.openqa.selenium.chrome.ChromeDriverService$Builder.getLogOutput(Ljava/lang/String;)Ljava/io/OutputStream;"/>
  </testcase>
  <testcase name="tearDown" classname="UiRegressionTests.HybridTests.patientTests" time="0">
    <skipped/>
  </testcase>
  <testcase name="tearDown" classname="UiRegressionTests.HybridTests.patientTests" time="0">
    <skipped/>
  </testcase>
  <testcase name="shouldVerifyThatThePatientCanSeeTheSurveyThatThedoctorSent" classname="UiRegressionTests.HybridTests.patientTests" time="0">
    <skipped message="org.openqa.selenium.chrome.ChromeDriverService$Builder.getLogOutput(Ljava/lang/String;)Ljava/io/OutputStream;"/>
  </testcase>
  <testcase name="shouldVerifyValidationOfNewHyCarePatient" classname="UiRegressionTests.HybridTests.patientTests" time="0.003">
    <failure message="&#10;[public void UiRegressionTests.HybridTests.patientTests.shouldVerifyValidationOfNewHyCarePatient(Entities.Patient,Entities.Doctor) throws java.net.MalformedURLException] has no parameters defined but was found to be using a data provider (either explicitly specified or inherited from class level annotation).&#10;Data provider mismatch&#10;Method: shouldVerifyValidationOfNewHyCarePatient([Entities.Patient arg0, Entities.Doctor arg1])&#10;Arguments: [(Entities.Patient) Entities.Patient@611df6e3,(Entities.Admin) Entities.Admin@5f2f577,(Entities.Doctor) Entities.Doctor@6273c5a4]" type="org.testng.internal.reflect.MethodMatcherException">org.testng.internal.reflect.MethodMatcherException: 

[public void UiRegressionTests.HybridTests.patientTests.shouldVerifyValidationOfNewHyCarePatient(Entities.Patient,Entities.Doctor) throws java.net.MalformedURLException] has no parameters defined but was found to be using a data provider (either explicitly specified or inherited from class level annotation).
Data provider mismatch
Method: shouldVerifyValidationOfNewHyCarePatient([Entities.Patient arg0, Entities.Doctor arg1])
Arguments: [(Entities.Patient) Entities.Patient@611df6e3,(Entities.Admin) Entities.Admin@5f2f577,(Entities.Doctor) Entities.Doctor@6273c5a4]
</failure>
  </testcase>
  <testcase name="existingHyCarePatientCanLoginSuccessfully" classname="UiRegressionTests.MobileTests.PatientTests" time="0.319">
    <failure message="An element could not be located on the page using the given search parameters.&#10;For documentation on this error, please visit: https://www.selenium.dev/documentation/webdriver/troubleshooting/errors#no-such-element-exception&#10;Build info: version: &apos;4.13.0&apos;, revision: &apos;ba948ece5b*&apos;&#10;System info: os.name: &apos;Windows 10&apos;, os.arch: &apos;amd64&apos;, os.version: &apos;10.0&apos;, java.version: &apos;11.0.20&apos;&#10;Driver info: io.appium.java_client.android.AndroidDriver&#10;Command: [a2354503-74a3-4b2a-ac97-6c7b50406912, findElement {using=xpath, value=//android.view.ViewGroup[@content-desc=&quot;main&quot;]/android.view.ViewGroup/android.view.ViewGroup/android.view.ViewGroup/android.view.ViewGroup/android.view.ViewGroup/android.widget.FrameLayout/android.view.ViewGroup/android.view.ViewGroup/android.view.ViewGroup/android.view.ViewGroup/android.view.ViewGroup/android.view.ViewGroup/android.view.ViewGroup[3]/android.view.ViewGroup/android.widget.Button/android.widget.TextView}]&#10;Capabilities {appium:appActivity: ch.health.docdok.MainActivity, appium:appPackage: ch.health.docdok, appium:databaseEnabled: false, appium:desired: {appActivity: ch.health.docdok.MainActivity, appPackage: ch.health.docdok, deviceName: emulator-5554, newCommandTimeout: 2000, platformName: ANDROID}, appium:deviceApiLevel: 31, appium:deviceManufacturer: Google, appium:deviceModel: sdk_gphone64_x86_64, appium:deviceName: emulator-5554, appium:deviceScreenDensity: 560, appium:deviceScreenSize: 1440x3040, appium:deviceUDID: emulator-5554, appium:javascriptEnabled: true, appium:locationContextEnabled: false, appium:networkConnectionEnabled: true, appium:newCommandTimeout: 2000, appium:pixelRatio: 3.5, appium:platformVersion: 12, appium:statBarHeight: 98, appium:takesScreenshot: true, appium:viewportRect: {height: 2774, left: 0, top: 98, width: 1440}, appium:warnings: {}, appium:webStorageEnabled: false, platformName: ANDROID}&#10;Session ID: a2354503-74a3-4b2a-ac97-6c7b50406912" type="org.openqa.selenium.NoSuchElementException">org.openqa.selenium.NoSuchElementException: 
An element could not be located on the page using the given search parameters.
For documentation on this error, please visit: https://www.selenium.dev/documentation/webdriver/troubleshooting/errors#no-such-element-exception
Build info: version: '4.13.0', revision: 'ba948ece5b*'
System info: os.name: 'Windows 10', os.arch: 'amd64', os.version: '10.0', java.version: '11.0.20'
Driver info: io.appium.java_client.android.AndroidDriver
Command: [a2354503-74a3-4b2a-ac97-6c7b50406912, findElement {using=xpath, value=//android.view.ViewGroup[@content-desc="main"]/android.view.ViewGroup/android.view.ViewGroup/android.view.ViewGroup/android.view.ViewGroup/android.view.ViewGroup/android.widget.FrameLayout/android.view.ViewGroup/android.view.ViewGroup/android.view.ViewGroup/android.view.ViewGroup/android.view.ViewGroup/android.view.ViewGroup/android.view.ViewGroup[3]/android.view.ViewGroup/android.widget.Button/android.widget.TextView}]
Capabilities {appium:appActivity: ch.health.docdok.MainActivity, appium:appPackage: ch.health.docdok, appium:databaseEnabled: false, appium:desired: {appActivity: ch.health.docdok.MainActivity, appPackage: ch.health.docdok, deviceName: emulator-5554, newCommandTimeout: 2000, platformName: ANDROID}, appium:deviceApiLevel: 31, appium:deviceManufacturer: Google, appium:deviceModel: sdk_gphone64_x86_64, appium:deviceName: emulator-5554, appium:deviceScreenDensity: 560, appium:deviceScreenSize: 1440x3040, appium:deviceUDID: emulator-5554, appium:javascriptEnabled: true, appium:locationContextEnabled: false, appium:networkConnectionEnabled: true, appium:newCommandTimeout: 2000, appium:pixelRatio: 3.5, appium:platformVersion: 12, appium:statBarHeight: 98, appium:takesScreenshot: true, appium:viewportRect: {height: 2774, left: 0, top: 98, width: 1440}, appium:warnings: {}, appium:webStorageEnabled: false, platformName: ANDROID}
Session ID: a2354503-74a3-4b2a-ac97-6c7b50406912
	at UiRegressionTests.MobileTests.PatientTests.existingHyCarePatientCanLoginSuccessfully(PatientTests.java:13)
</failure>
  </testcase>
  <testcase name="verifyThatCanLogoutSuccessfullyFromTheApp" classname="UiRegressionTests.MobileTests.PatientTests" time="0.296">
    <failure message="An element could not be located on the page using the given search parameters.&#10;For documentation on this error, please visit: https://www.selenium.dev/documentation/webdriver/troubleshooting/errors#no-such-element-exception&#10;Build info: version: &apos;4.13.0&apos;, revision: &apos;ba948ece5b*&apos;&#10;System info: os.name: &apos;Windows 10&apos;, os.arch: &apos;amd64&apos;, os.version: &apos;10.0&apos;, java.version: &apos;11.0.20&apos;&#10;Driver info: io.appium.java_client.android.AndroidDriver&#10;Command: [0289179d-53e9-4032-8e4c-87de7ccdbffc, findElement {using=xpath, value=//android.view.ViewGroup[@content-desc=&quot;main&quot;]/android.view.ViewGroup/android.view.ViewGroup/android.view.ViewGroup/android.view.ViewGroup/android.view.ViewGroup/android.widget.FrameLayout/android.view.ViewGroup/android.view.ViewGroup/android.view.ViewGroup/android.view.ViewGroup/android.view.ViewGroup/android.view.ViewGroup/android.view.ViewGroup[3]/android.view.ViewGroup/android.widget.Button/android.widget.TextView}]&#10;Capabilities {appium:appActivity: ch.health.docdok.MainActivity, appium:appPackage: ch.health.docdok, appium:databaseEnabled: false, appium:desired: {appActivity: ch.health.docdok.MainActivity, appPackage: ch.health.docdok, deviceName: emulator-5554, newCommandTimeout: 2000, platformName: ANDROID}, appium:deviceApiLevel: 31, appium:deviceManufacturer: Google, appium:deviceModel: sdk_gphone64_x86_64, appium:deviceName: emulator-5554, appium:deviceScreenDensity: 560, appium:deviceScreenSize: 1440x3040, appium:deviceUDID: emulator-5554, appium:javascriptEnabled: true, appium:locationContextEnabled: false, appium:networkConnectionEnabled: true, appium:newCommandTimeout: 2000, appium:pixelRatio: 3.5, appium:platformVersion: 12, appium:statBarHeight: 98, appium:takesScreenshot: true, appium:viewportRect: {height: 2774, left: 0, top: 98, width: 1440}, appium:warnings: {}, appium:webStorageEnabled: false, platformName: ANDROID}&#10;Session ID: 0289179d-53e9-4032-8e4c-87de7ccdbffc" type="org.openqa.selenium.NoSuchElementException">org.openqa.selenium.NoSuchElementException: 
An element could not be located on the page using the given search parameters.
For documentation on this error, please visit: https://www.selenium.dev/documentation/webdriver/troubleshooting/errors#no-such-element-exception
Build info: version: '4.13.0', revision: 'ba948ece5b*'
System info: os.name: 'Windows 10', os.arch: 'amd64', os.version: '10.0', java.version: '11.0.20'
Driver info: io.appium.java_client.android.AndroidDriver
Command: [0289179d-53e9-4032-8e4c-87de7ccdbffc, findElement {using=xpath, value=//android.view.ViewGroup[@content-desc="main"]/android.view.ViewGroup/android.view.ViewGroup/android.view.ViewGroup/android.view.ViewGroup/android.view.ViewGroup/android.widget.FrameLayout/android.view.ViewGroup/android.view.ViewGroup/android.view.ViewGroup/android.view.ViewGroup/android.view.ViewGroup/android.view.ViewGroup/android.view.ViewGroup[3]/android.view.ViewGroup/android.widget.Button/android.widget.TextView}]
Capabilities {appium:appActivity: ch.health.docdok.MainActivity, appium:appPackage: ch.health.docdok, appium:databaseEnabled: false, appium:desired: {appActivity: ch.health.docdok.MainActivity, appPackage: ch.health.docdok, deviceName: emulator-5554, newCommandTimeout: 2000, platformName: ANDROID}, appium:deviceApiLevel: 31, appium:deviceManufacturer: Google, appium:deviceModel: sdk_gphone64_x86_64, appium:deviceName: emulator-5554, appium:deviceScreenDensity: 560, appium:deviceScreenSize: 1440x3040, appium:deviceUDID: emulator-5554, appium:javascriptEnabled: true, appium:locationContextEnabled: false, appium:networkConnectionEnabled: true, appium:newCommandTimeout: 2000, appium:pixelRatio: 3.5, appium:platformVersion: 12, appium:statBarHeight: 98, appium:takesScreenshot: true, appium:viewportRect: {height: 2774, left: 0, top: 98, width: 1440}, appium:warnings: {}, appium:webStorageEnabled: false, platformName: ANDROID}
Session ID: 0289179d-53e9-4032-8e4c-87de7ccdbffc
	at UiRegressionTests.MobileTests.PatientTests.verifyThatCanLogoutSuccessfullyFromTheApp(PatientTests.java:29)
</failure>
  </testcase>
  <testcase name="verifyThatTheTermsAndConditionsIsExistInTheProfileTab" classname="UiRegressionTests.MobileTests.PatientTests" time="0.295">
    <failure message="An element could not be located on the page using the given search parameters.&#10;For documentation on this error, please visit: https://www.selenium.dev/documentation/webdriver/troubleshooting/errors#no-such-element-exception&#10;Build info: version: &apos;4.13.0&apos;, revision: &apos;ba948ece5b*&apos;&#10;System info: os.name: &apos;Windows 10&apos;, os.arch: &apos;amd64&apos;, os.version: &apos;10.0&apos;, java.version: &apos;11.0.20&apos;&#10;Driver info: io.appium.java_client.android.AndroidDriver&#10;Command: [2be01864-8849-4f4e-875b-15cd0a873555, findElement {using=xpath, value=//android.view.ViewGroup[@content-desc=&quot;main&quot;]/android.view.ViewGroup/android.view.ViewGroup/android.view.ViewGroup/android.view.ViewGroup/android.view.ViewGroup/android.widget.FrameLayout/android.view.ViewGroup/android.view.ViewGroup/android.view.ViewGroup/android.view.ViewGroup/android.view.ViewGroup/android.view.ViewGroup/android.view.ViewGroup[3]/android.view.ViewGroup/android.widget.Button/android.widget.TextView}]&#10;Capabilities {appium:appActivity: ch.health.docdok.MainActivity, appium:appPackage: ch.health.docdok, appium:databaseEnabled: false, appium:desired: {appActivity: ch.health.docdok.MainActivity, appPackage: ch.health.docdok, deviceName: emulator-5554, newCommandTimeout: 2000, platformName: ANDROID}, appium:deviceApiLevel: 31, appium:deviceManufacturer: Google, appium:deviceModel: sdk_gphone64_x86_64, appium:deviceName: emulator-5554, appium:deviceScreenDensity: 560, appium:deviceScreenSize: 1440x3040, appium:deviceUDID: emulator-5554, appium:javascriptEnabled: true, appium:locationContextEnabled: false, appium:networkConnectionEnabled: true, appium:newCommandTimeout: 2000, appium:pixelRatio: 3.5, appium:platformVersion: 12, appium:statBarHeight: 98, appium:takesScreenshot: true, appium:viewportRect: {height: 2774, left: 0, top: 98, width: 1440}, appium:warnings: {}, appium:webStorageEnabled: false, platformName: ANDROID}&#10;Session ID: 2be01864-8849-4f4e-875b-15cd0a873555" type="org.openqa.selenium.NoSuchElementException">org.openqa.selenium.NoSuchElementException: 
An element could not be located on the page using the given search parameters.
For documentation on this error, please visit: https://www.selenium.dev/documentation/webdriver/troubleshooting/errors#no-such-element-exception
Build info: version: '4.13.0', revision: 'ba948ece5b*'
System info: os.name: 'Windows 10', os.arch: 'amd64', os.version: '10.0', java.version: '11.0.20'
Driver info: io.appium.java_client.android.AndroidDriver
Command: [2be01864-8849-4f4e-875b-15cd0a873555, findElement {using=xpath, value=//android.view.ViewGroup[@content-desc="main"]/android.view.ViewGroup/android.view.ViewGroup/android.view.ViewGroup/android.view.ViewGroup/android.view.ViewGroup/android.widget.FrameLayout/android.view.ViewGroup/android.view.ViewGroup/android.view.ViewGroup/android.view.ViewGroup/android.view.ViewGroup/android.view.ViewGroup/android.view.ViewGroup[3]/android.view.ViewGroup/android.widget.Button/android.widget.TextView}]
Capabilities {appium:appActivity: ch.health.docdok.MainActivity, appium:appPackage: ch.health.docdok, appium:databaseEnabled: false, appium:desired: {appActivity: ch.health.docdok.MainActivity, appPackage: ch.health.docdok, deviceName: emulator-5554, newCommandTimeout: 2000, platformName: ANDROID}, appium:deviceApiLevel: 31, appium:deviceManufacturer: Google, appium:deviceModel: sdk_gphone64_x86_64, appium:deviceName: emulator-5554, appium:deviceScreenDensity: 560, appium:deviceScreenSize: 1440x3040, appium:deviceUDID: emulator-5554, appium:javascriptEnabled: true, appium:locationContextEnabled: false, appium:networkConnectionEnabled: true, appium:newCommandTimeout: 2000, appium:pixelRatio: 3.5, appium:platformVersion: 12, appium:statBarHeight: 98, appium:takesScreenshot: true, appium:viewportRect: {height: 2774, left: 0, top: 98, width: 1440}, appium:warnings: {}, appium:webStorageEnabled: false, platformName: ANDROID}
Session ID: 2be01864-8849-4f4e-875b-15cd0a873555
	at UiRegressionTests.MobileTests.PatientTests.verifyThatTheTermsAndConditionsIsExistInTheProfileTab(PatientTests.java:22)
</failure>
  </testcase>
  <testcase name="setup" classname="UiRegressionTests.WebTests.DoctorDashboradTests.SalutaDoctorDashboardTests.EventsTests" time="0.475">
    <failure message="org.openqa.selenium.chrome.ChromeDriverService$Builder.getLogOutput(Ljava/lang/String;)Ljava/io/OutputStream;" type="java.lang.NoSuchMethodError">java.lang.NoSuchMethodError: org.openqa.selenium.chrome.ChromeDriverService$Builder.getLogOutput(Ljava/lang/String;)Ljava/io/OutputStream;
</failure>
    <system-err><![CDATA[[main] INFO io.github.bonigarcia.wdm.WebDriverManager - Using chromedriver 116.0.5845.96 (resolved driver for Chrome 116)
[main] INFO io.github.bonigarcia.wdm.WebDriverManager - Exporting webdriver.chrome.driver as C:\Users\AmanyFadool\.cache\selenium\chromedriver\win64\116.0.5845.96\chromedriver.exe
]]></system-err>
  </testcase>
  <testcase name="setup" classname="UiRegressionTests.WebTests.DoctorDashboradTests.SalutaDoctorDashboardTests.EventsTests" time="0">
    <skipped/>
  </testcase>
  <testcase name="setup" classname="UiRegressionTests.WebTests.DoctorDashboradTests.SalutaDoctorDashboardTests.EventsTests" time="0">
    <skipped/>
  </testcase>
  <testcase name="shouldVerifyEventStatus" classname="UiRegressionTests.WebTests.DoctorDashboradTests.SalutaDoctorDashboardTests.EventsTests" time="0">
    <skipped message="org.openqa.selenium.chrome.ChromeDriverService$Builder.getLogOutput(Ljava/lang/String;)Ljava/io/OutputStream;"/>
  </testcase>
  <testcase name="tearDown" classname="UiRegressionTests.WebTests.DoctorDashboradTests.SalutaDoctorDashboardTests.EventsTests" time="0">
    <skipped/>
  </testcase>
  <testcase name="tearDown" classname="UiRegressionTests.WebTests.DoctorDashboradTests.SalutaDoctorDashboardTests.EventsTests" time="0">
    <skipped/>
  </testcase>
  <testcase name="tearDown" classname="UiRegressionTests.WebTests.DoctorDashboradTests.SalutaDoctorDashboardTests.EventsTests" time="0">
    <skipped/>
  </testcase>
  <testcase name="shouldVerifyEventValidation" classname="UiRegressionTests.WebTests.DoctorDashboradTests.SalutaDoctorDashboardTests.EventsTests" time="0">
    <skipped message="org.openqa.selenium.chrome.ChromeDriverService$Builder.getLogOutput(Ljava/lang/String;)Ljava/io/OutputStream;"/>
  </testcase>
  <testcase name="shouldVerifyThatTheMonthlyWeeklyAndDailyViewsLookLikeTheyShouldBe" classname="UiRegressionTests.WebTests.DoctorDashboradTests.SalutaDoctorDashboardTests.EventsTests" time="0">
    <skipped message="org.openqa.selenium.chrome.ChromeDriverService$Builder.getLogOutput(Ljava/lang/String;)Ljava/io/OutputStream;"/>
  </testcase>
  <testcase name="setup" classname="UiRegressionTests.WebTests.DoctorDashboradTests.SalutaDoctorDashboardTests.MessagesTests" time="0.035">
    <failure message="org.openqa.selenium.chrome.ChromeDriverService$Builder.getLogOutput(Ljava/lang/String;)Ljava/io/OutputStream;" type="java.lang.NoSuchMethodError">java.lang.NoSuchMethodError: org.openqa.selenium.chrome.ChromeDriverService$Builder.getLogOutput(Ljava/lang/String;)Ljava/io/OutputStream;
</failure>
    <system-err><![CDATA[[main] INFO io.github.bonigarcia.wdm.WebDriverManager - Using chromedriver 116.0.5845.96 (resolved driver for Chrome 116)
[main] INFO io.github.bonigarcia.wdm.WebDriverManager - Exporting webdriver.chrome.driver as C:\Users\AmanyFadool\.cache\selenium\chromedriver\win64\116.0.5845.96\chromedriver.exe
]]></system-err>
  </testcase>
  <testcase name="verifySendingMessageValidation" classname="UiRegressionTests.WebTests.DoctorDashboradTests.SalutaDoctorDashboardTests.MessagesTests" time="0">
    <skipped message="org.openqa.selenium.chrome.ChromeDriverService$Builder.getLogOutput(Ljava/lang/String;)Ljava/io/OutputStream;"/>
  </testcase>
  <testcase name="tearDown" classname="UiRegressionTests.WebTests.DoctorDashboradTests.SalutaDoctorDashboardTests.MessagesTests" time="0">
    <skipped/>
  </testcase>
  <testcase name="setup" classname="UiRegressionTests.WebTests.DoctorDashboradTests.SalutaDoctorDashboardTests.SurveyTests" time="0.034">
    <failure message="org.openqa.selenium.chrome.ChromeDriverService$Builder.getLogOutput(Ljava/lang/String;)Ljava/io/OutputStream;" type="java.lang.NoSuchMethodError">java.lang.NoSuchMethodError: org.openqa.selenium.chrome.ChromeDriverService$Builder.getLogOutput(Ljava/lang/String;)Ljava/io/OutputStream;
</failure>
    <system-err><![CDATA[[main] INFO io.github.bonigarcia.wdm.WebDriverManager - Using chromedriver 116.0.5845.96 (resolved driver for Chrome 116)
[main] INFO io.github.bonigarcia.wdm.WebDriverManager - Exporting webdriver.chrome.driver as C:\Users\AmanyFadool\.cache\selenium\chromedriver\win64\116.0.5845.96\chromedriver.exe
]]></system-err>
  </testcase>
  <testcase name="shouldVerifyThatTheSurveyIsSentToThePatientByTheDoctor" classname="UiRegressionTests.WebTests.DoctorDashboradTests.SalutaDoctorDashboardTests.SurveyTests" time="0">
    <skipped message="org.openqa.selenium.chrome.ChromeDriverService$Builder.getLogOutput(Ljava/lang/String;)Ljava/io/OutputStream;"/>
  </testcase>
  <testcase name="tearDown" classname="UiRegressionTests.WebTests.DoctorDashboradTests.SalutaDoctorDashboardTests.SurveyTests" time="0">
    <skipped/>
  </testcase>
  <testcase name="setup" classname="UiRegressionTests.WebTests.SelfRegistrationTests.SalutaSelfRegistrationTests.SalutaSelfRegistrationTests" time="0.04">
    <failure message="org.openqa.selenium.chrome.ChromeDriverService$Builder.getLogOutput(Ljava/lang/String;)Ljava/io/OutputStream;" type="java.lang.NoSuchMethodError">java.lang.NoSuchMethodError: org.openqa.selenium.chrome.ChromeDriverService$Builder.getLogOutput(Ljava/lang/String;)Ljava/io/OutputStream;
</failure>
    <system-err><![CDATA[[main] INFO io.github.bonigarcia.wdm.WebDriverManager - Using chromedriver 116.0.5845.96 (resolved driver for Chrome 116)
[main] INFO io.github.bonigarcia.wdm.WebDriverManager - Exporting webdriver.chrome.driver as C:\Users\AmanyFadool\.cache\selenium\chromedriver\win64\116.0.5845.96\chromedriver.exe
]]></system-err>
  </testcase>
  <testcase name="createPatient" classname="UiRegressionTests.WebTests.SelfRegistrationTests.SalutaSelfRegistrationTests.SalutaSelfRegistrationTests" time="0">
    <skipped message="org.openqa.selenium.chrome.ChromeDriverService$Builder.getLogOutput(Ljava/lang/String;)Ljava/io/OutputStream;"/>
  </testcase>
  <testcase name="tearDown" classname="UiRegressionTests.WebTests.SelfRegistrationTests.SalutaSelfRegistrationTests.SalutaSelfRegistrationTests" time="0">
    <skipped/>
  </testcase>
</testsuite>